<?xml version="1.0" encoding="UTF-8"?>
<!-- Generated by org.testng.reporters.JUnitReportReporter -->
<testsuite hostname="LAPTOP-H6POAKCL" failures="0" tests="7" name="com.demo.NewTest" time="38.456" errors="0" timestamp="2022-10-11T20:15:37 IST" skipped="0">
  <testcase classname="com.demo.NewTest" name="closeLogin" time="1.857"/>
  <system-out/>
  <testcase classname="com.demo.NewTest" name="scroll" time="6.746"/>
  <system-out/>
  <testcase classname="com.demo.NewTest" name="searchProduct" time="5.716"/>
  <system-out/>
  <testcase classname="com.demo.NewTest" name="loadImage" time="13.548"/>
  <system-out/>
  <testcase classname="com.demo.NewTest" name="scrollFrequency" time="2.354"/>
  <system-out/>
  <testcase classname="com.demo.NewTest" name="downloadImages" time="0.295"/>
  <system-out/>
  <testcase classname="com.demo.NewTest" name="screenResolution" time="7.940"/>
  <system-out/>
</testsuite> <!-- com.demo.NewTest -->
