<?xml version="1.0" encoding="UTF-8"?>
<!-- Generated by org.testng.reporters.JUnitReportReporter -->
<testsuite hostname="LAPTOP-1LDETTC6" failures="0" tests="7" name="com.demo.FlipkartTestChrome" time="43.347" errors="0" timestamp="2022-10-11T16:08:36 IST" skipped="0">
  <testcase classname="com.demo.FlipkartTestChrome" name="closeLogin" time="7.072"/>
  <system-out/>
  <testcase classname="com.demo.FlipkartTestChrome" name="scroll" time="6.691"/>
  <system-out/>
  <testcase classname="com.demo.FlipkartTestChrome" name="searchProduct" time="6.991"/>
  <system-out/>
  <testcase classname="com.demo.FlipkartTestChrome" name="loadImage" time="11.712"/>
  <system-out/>
  <testcase classname="com.demo.FlipkartTestChrome" name="scrollFrequency" time="2.570"/>
  <system-out/>
  <testcase classname="com.demo.FlipkartTestChrome" name="downloadImages" time="0.270"/>
  <system-out/>
  <testcase classname="com.demo.FlipkartTestChrome" name="screenResolution" time="8.041"/>
  <system-out/>
</testsuite> <!-- com.demo.FlipkartTestChrome -->
